nohup: ignoring input
[auto-commit] starting watcher in /workspace
[auto-commit] changes detected -> committing: chore(auto-commit): save changes at 2025-08-18 10:40:08
[main 62aa95c] chore(auto-commit): save changes at 2025-08-18 10:40:08
 2 files changed, 7 insertions(+), 26 deletions(-)
[auto-commit] pushing to origin main
To https://github.com/sunqing9301-web/ai-lianjinshi
   23fb610..62aa95c  main -> main
[auto-commit] changes detected -> committing: chore(auto-commit): save changes at 2025-08-18 10:40:19
[main b9df5be] chore(auto-commit): save changes at 2025-08-18 10:40:19
 1 file changed, 6 insertions(+)
[auto-commit] pushing to origin main
To https://github.com/sunqing9301-web/ai-lianjinshi
   62aa95c..b9df5be  main -> main
[auto-commit] extension changes detected -> bumping version
[bump-version] 2.0.4 -> 2.0.5
[bump-version] done
[auto-commit] changes detected -> committing: chore(auto-commit): save changes at 2025-08-18 10:41:39
[main 26d0e46] chore(auto-commit): save changes at 2025-08-18 10:41:39
 9 files changed, 23 insertions(+), 19 deletions(-)
[auto-commit] pushing to origin main
To https://github.com/sunqing9301-web/ai-lianjinshi
   b9df5be..26d0e46  main -> main
[auto-commit] extension changes detected -> bumping version
[bump-version] 2.0.5 -> 2.0.6
[bump-version] done
[auto-commit] changes detected -> committing: chore(auto-commit): save changes at 2025-08-18 10:41:50
[main c652ed3] chore(auto-commit): save changes at 2025-08-18 10:41:50
 9 files changed, 27 insertions(+), 16 deletions(-)
[auto-commit] pushing to origin main
To https://github.com/sunqing9301-web/ai-lianjinshi
   26d0e46..c652ed3  main -> main
[auto-commit] extension changes detected -> bumping version
[bump-version] 2.0.6 -> 2.0.7
[bump-version] done
[auto-commit] changes detected -> committing: chore(auto-commit): save changes at 2025-08-18 10:42:01
[main 3d8b2fb] chore(auto-commit): save changes at 2025-08-18 10:42:01
 9 files changed, 21 insertions(+), 18 deletions(-)
[auto-commit] pushing to origin main
To https://github.com/sunqing9301-web/ai-lianjinshi
   c652ed3..3d8b2fb  main -> main
[auto-commit] extension changes detected -> bumping version
[bump-version] 2.0.7 -> 2.0.8
[bump-version] done
[auto-commit] changes detected -> committing: chore(auto-commit): save changes at 2025-08-18 10:42:11
[main ff55be2] chore(auto-commit): save changes at 2025-08-18 10:42:11
 9 files changed, 29 insertions(+), 16 deletions(-)
[auto-commit] pushing to origin main
To https://github.com/sunqing9301-web/ai-lianjinshi
   3d8b2fb..ff55be2  main -> main
[auto-commit] extension changes detected -> bumping version
[bump-version] 2.0.8 -> 2.0.9
[bump-version] done
[auto-commit] changes detected -> committing: chore(auto-commit): save changes at 2025-08-18 10:48:32
[main 5ae7d20] chore(auto-commit): save changes at 2025-08-18 10:48:32
 9 files changed, 15 insertions(+), 18 deletions(-)
[auto-commit] pushing to origin main
To https://github.com/sunqing9301-web/ai-lianjinshi
   ff55be2..5ae7d20  main -> main
[auto-commit] extension changes detected -> bumping version
[bump-version] 2.0.9 -> 2.0.10
[bump-version] done
[auto-commit] changes detected -> committing: chore(auto-commit): save changes at 2025-08-18 10:52:33
[main 477f68a] chore(auto-commit): save changes at 2025-08-18 10:52:33
 9 files changed, 17 insertions(+), 11 deletions(-)
[auto-commit] pushing to origin main
To https://github.com/sunqing9301-web/ai-lianjinshi
   5ae7d20..477f68a  main -> main
[auto-commit] extension changes detected -> bumping version
[bump-version] 2.0.10 -> 2.0.11
[bump-version] done
[auto-commit] changes detected -> committing: chore(auto-commit): save changes at 2025-08-18 10:58:54
[main 764d74b] chore(auto-commit): save changes at 2025-08-18 10:58:54
 9 files changed, 26 insertions(+), 26 deletions(-)
[auto-commit] pushing to origin main
To https://github.com/sunqing9301-web/ai-lianjinshi
   477f68a..764d74b  main -> main
[auto-commit] extension changes detected -> bumping version
[bump-version] 2.0.12 -> 2.0.13
[bump-version] done
[auto-commit] changes detected -> committing: chore(auto-commit): save changes at 2025-08-18 11:51:25
[main b26f632] chore(auto-commit): save changes at 2025-08-18 11:51:25
 10 files changed, 20 insertions(+), 16 deletions(-)
[auto-commit] pushing to origin main
To https://github.com/sunqing9301-web/ai-lianjinshi
   87a0b74..b26f632  main -> main
[auto-commit] extension changes detected -> bumping version
[bump-version] 2.0.14 -> 2.0.15
[bump-version] done
[auto-commit] changes detected -> committing: chore(auto-commit): save changes at 2025-08-18 11:51:36
[main 00d528a] chore(auto-commit): save changes at 2025-08-18 11:51:36
 9 files changed, 22 insertions(+), 12 deletions(-)
[auto-commit] pushing to origin main
To https://github.com/sunqing9301-web/ai-lianjinshi
   b26f632..00d528a  main -> main
[auto-commit] extension changes detected -> bumping version
[bump-version] 2.0.15 -> 2.0.16
[bump-version] done
[auto-commit] changes detected -> committing: chore(auto-commit): save changes at 2025-08-18 12:02:47
